This is pdfTeX, Version 3.1415926-2.5-1.40.14 (TeX Live 2013/Debian) (format=pdflatex 2014.6.11)  30 SEP 2014 15:08
entering extended mode
 restricted \write18 enabled.
 %&-line parsing enabled.
**informe.tex
(./informe.tex
LaTeX2e <2011/06/27>
Babel <3.9h> and hyphenation patterns for 7 languages loaded.
(/usr/share/texlive/texmf-dist/tex/latex/base/article.cls
Document Class: article 2007/10/19 v1.4h Standard LaTeX document class
(/usr/share/texlive/texmf-dist/tex/latex/base/size10.clo
File: size10.clo 2007/10/19 v1.4h Standard LaTeX file (size option)
)
\c@part=\count79
\c@section=\count80
\c@subsection=\count81
\c@subsubsection=\count82
\c@paragraph=\count83
\c@subparagraph=\count84
\c@figure=\count85
\c@table=\count86
\abovecaptionskip=\skip41
\belowcaptionskip=\skip42
\bibindent=\dimen102
)
(/usr/share/texlive/texmf-dist/tex/generic/babel/babel.sty
Package: babel 2013/12/03 3.9h The Babel package

(/usr/share/texlive/texmf-dist/tex/generic/babel-spanish/spanish.ldf
Language: spanish.ldf 2014/01/29 v5.0m Spanish support from the babel system

(/usr/share/texlive/texmf-dist/tex/generic/babel/babel.def
File: babel.def 2013/12/03 3.9h Babel common definitions
\babel@savecnt=\count87
\U@D=\dimen103
)
\es@datefmt=\count88
\es@quottoks=\toks14
\es@quotdepth=\count89
Package babel Info: Making " an active character on input line 496.
Package babel Info: Making . an active character on input line 599.
Package babel Info: Making < an active character on input line 644.
Package babel Info: Making > an active character on input line 644.
))
(/usr/share/texlive/texmf-dist/tex/latex/base/inputenc.sty
Package: inputenc 2008/03/30 v1.1d Input encoding file
\inpenc@prehook=\toks15
\inpenc@posthook=\toks16

(/usr/share/texlive/texmf-dist/tex/latex/base/utf8.def
File: utf8.def 2008/04/05 v1.1m UTF-8 support for inputenc
Now handling font encoding OML ...
... no UTF-8 mapping file for font encoding OML
Now handling font encoding T1 ...
... processing UTF-8 mapping file for font encoding T1

(/usr/share/texlive/texmf-dist/tex/latex/base/t1enc.dfu
File: t1enc.dfu 2008/04/05 v1.1m UTF-8 support for inputenc
   defining Unicode char U+00A1 (decimal 161)
   defining Unicode char U+00A3 (decimal 163)
   defining Unicode char U+00AB (decimal 171)
   defining Unicode char U+00BB (decimal 187)
   defining Unicode char U+00BF (decimal 191)
   defining Unicode char U+00C0 (decimal 192)
   defining Unicode char U+00C1 (decimal 193)
   defining Unicode char U+00C2 (decimal 194)
   defining Unicode char U+00C3 (decimal 195)
   defining Unicode char U+00C4 (decimal 196)
   defining Unicode char U+00C5 (decimal 197)
   defining Unicode char U+00C6 (decimal 198)
   defining Unicode char U+00C7 (decimal 199)
   defining Unicode char U+00C8 (decimal 200)
   defining Unicode char U+00C9 (decimal 201)
   defining Unicode char U+00CA (decimal 202)
   defining Unicode char U+00CB (decimal 203)
   defining Unicode char U+00CC (decimal 204)
   defining Unicode char U+00CD (decimal 205)
   defining Unicode char U+00CE (decimal 206)
   defining Unicode char U+00CF (decimal 207)
   defining Unicode char U+00D0 (decimal 208)
   defining Unicode char U+00D1 (decimal 209)
   defining Unicode char U+00D2 (decimal 210)
   defining Unicode char U+00D3 (decimal 211)
   defining Unicode char U+00D4 (decimal 212)
   defining Unicode char U+00D5 (decimal 213)
   defining Unicode char U+00D6 (decimal 214)
   defining Unicode char U+00D8 (decimal 216)
   defining Unicode char U+00D9 (decimal 217)
   defining Unicode char U+00DA (decimal 218)
   defining Unicode char U+00DB (decimal 219)
   defining Unicode char U+00DC (decimal 220)
   defining Unicode char U+00DD (decimal 221)
   defining Unicode char U+00DE (decimal 222)
   defining Unicode char U+00DF (decimal 223)
   defining Unicode char U+00E0 (decimal 224)
   defining Unicode char U+00E1 (decimal 225)
   defining Unicode char U+00E2 (decimal 226)
   defining Unicode char U+00E3 (decimal 227)
   defining Unicode char U+00E4 (decimal 228)
   defining Unicode char U+00E5 (decimal 229)
   defining Unicode char U+00E6 (decimal 230)
   defining Unicode char U+00E7 (decimal 231)
   defining Unicode char U+00E8 (decimal 232)
   defining Unicode char U+00E9 (decimal 233)
   defining Unicode char U+00EA (decimal 234)
   defining Unicode char U+00EB (decimal 235)
   defining Unicode char U+00EC (decimal 236)
   defining Unicode char U+00ED (decimal 237)
   defining Unicode char U+00EE (decimal 238)
   defining Unicode char U+00EF (decimal 239)
   defining Unicode char U+00F0 (decimal 240)
   defining Unicode char U+00F1 (decimal 241)
   defining Unicode char U+00F2 (decimal 242)
   defining Unicode char U+00F3 (decimal 243)
   defining Unicode char U+00F4 (decimal 244)
   defining Unicode char U+00F5 (decimal 245)
   defining Unicode char U+00F6 (decimal 246)
   defining Unicode char U+00F8 (decimal 248)
   defining Unicode char U+00F9 (decimal 249)
   defining Unicode char U+00FA (decimal 250)
   defining Unicode char U+00FB (decimal 251)
   defining Unicode char U+00FC (decimal 252)
   defining Unicode char U+00FD (decimal 253)
   defining Unicode char U+00FE (decimal 254)
   defining Unicode char U+00FF (decimal 255)
   defining Unicode char U+0102 (decimal 258)
   defining Unicode char U+0103 (decimal 259)
   defining Unicode char U+0104 (decimal 260)
   defining Unicode char U+0105 (decimal 261)
   defining Unicode char U+0106 (decimal 262)
   defining Unicode char U+0107 (decimal 263)
   defining Unicode char U+010C (decimal 268)
   defining Unicode char U+010D (decimal 269)
   defining Unicode char U+010E (decimal 270)
   defining Unicode char U+010F (decimal 271)
   defining Unicode char U+0110 (decimal 272)
   defining Unicode char U+0111 (decimal 273)
   defining Unicode char U+0118 (decimal 280)
   defining Unicode char U+0119 (decimal 281)
   defining Unicode char U+011A (decimal 282)
   defining Unicode char U+011B (decimal 283)
   defining Unicode char U+011E (decimal 286)
   defining Unicode char U+011F (decimal 287)
   defining Unicode char U+0130 (decimal 304)
   defining Unicode char U+0131 (decimal 305)
   defining Unicode char U+0132 (decimal 306)
   defining Unicode char U+0133 (decimal 307)
   defining Unicode char U+0139 (decimal 313)
   defining Unicode char U+013A (decimal 314)
   defining Unicode char U+013D (decimal 317)
   defining Unicode char U+013E (decimal 318)
   defining Unicode char U+0141 (decimal 321)
   defining Unicode char U+0142 (decimal 322)
   defining Unicode char U+0143 (decimal 323)
   defining Unicode char U+0144 (decimal 324)
   defining Unicode char U+0147 (decimal 327)
   defining Unicode char U+0148 (decimal 328)
   defining Unicode char U+014A (decimal 330)
   defining Unicode char U+014B (decimal 331)
   defining Unicode char U+0150 (decimal 336)
   defining Unicode char U+0151 (decimal 337)
   defining Unicode char U+0152 (decimal 338)
   defining Unicode char U+0153 (decimal 339)
   defining Unicode char U+0154 (decimal 340)
   defining Unicode char U+0155 (decimal 341)
   defining Unicode char U+0158 (decimal 344)
   defining Unicode char U+0159 (decimal 345)
   defining Unicode char U+015A (decimal 346)
   defining Unicode char U+015B (decimal 347)
   defining Unicode char U+015E (decimal 350)
   defining Unicode char U+015F (decimal 351)
   defining Unicode char U+0160 (decimal 352)
   defining Unicode char U+0161 (decimal 353)
   defining Unicode char U+0162 (decimal 354)
   defining Unicode char U+0163 (decimal 355)
   defining Unicode char U+0164 (decimal 356)
   defining Unicode char U+0165 (decimal 357)
   defining Unicode char U+016E (decimal 366)
   defining Unicode char U+016F (decimal 367)
   defining Unicode char U+0170 (decimal 368)
   defining Unicode char U+0171 (decimal 369)
   defining Unicode char U+0178 (decimal 376)
   defining Unicode char U+0179 (decimal 377)
   defining Unicode char U+017A (decimal 378)
   defining Unicode char U+017B (decimal 379)
   defining Unicode char U+017C (decimal 380)
   defining Unicode char U+017D (decimal 381)
   defining Unicode char U+017E (decimal 382)
   defining Unicode char U+200C (decimal 8204)
   defining Unicode char U+2013 (decimal 8211)
   defining Unicode char U+2014 (decimal 8212)
   defining Unicode char U+2018 (decimal 8216)
   defining Unicode char U+2019 (decimal 8217)
   defining Unicode char U+201A (decimal 8218)
   defining Unicode char U+201C (decimal 8220)
   defining Unicode char U+201D (decimal 8221)
   defining Unicode char U+201E (decimal 8222)
   defining Unicode char U+2030 (decimal 8240)
   defining Unicode char U+2031 (decimal 8241)
   defining Unicode char U+2039 (decimal 8249)
   defining Unicode char U+203A (decimal 8250)
   defining Unicode char U+2423 (decimal 9251)
)
Now handling font encoding OT1 ...
... processing UTF-8 mapping file for font encoding OT1

(/usr/share/texlive/texmf-dist/tex/latex/base/ot1enc.dfu
File: ot1enc.dfu 2008/04/05 v1.1m UTF-8 support for inputenc
   defining Unicode char U+00A1 (decimal 161)
   defining Unicode char U+00A3 (decimal 163)
   defining Unicode char U+00B8 (decimal 184)
   defining Unicode char U+00BF (decimal 191)
   defining Unicode char U+00C5 (decimal 197)
   defining Unicode char U+00C6 (decimal 198)
   defining Unicode char U+00D8 (decimal 216)
   defining Unicode char U+00DF (decimal 223)
   defining Unicode char U+00E6 (decimal 230)
   defining Unicode char U+00EC (decimal 236)
   defining Unicode char U+00ED (decimal 237)
   defining Unicode char U+00EE (decimal 238)
   defining Unicode char U+00EF (decimal 239)
   defining Unicode char U+00F8 (decimal 248)
   defining Unicode char U+0131 (decimal 305)
   defining Unicode char U+0141 (decimal 321)
   defining Unicode char U+0142 (decimal 322)
   defining Unicode char U+0152 (decimal 338)
   defining Unicode char U+0153 (decimal 339)
   defining Unicode char U+2013 (decimal 8211)
   defining Unicode char U+2014 (decimal 8212)
   defining Unicode char U+2018 (decimal 8216)
   defining Unicode char U+2019 (decimal 8217)
   defining Unicode char U+201C (decimal 8220)
   defining Unicode char U+201D (decimal 8221)
)
Now handling font encoding OMS ...
... processing UTF-8 mapping file for font encoding OMS

(/usr/share/texlive/texmf-dist/tex/latex/base/omsenc.dfu
File: omsenc.dfu 2008/04/05 v1.1m UTF-8 support for inputenc
   defining Unicode char U+00A7 (decimal 167)
   defining Unicode char U+00B6 (decimal 182)
   defining Unicode char U+00B7 (decimal 183)
   defining Unicode char U+2020 (decimal 8224)
   defining Unicode char U+2021 (decimal 8225)
   defining Unicode char U+2022 (decimal 8226)
)
Now handling font encoding OMX ...
... no UTF-8 mapping file for font encoding OMX
Now handling font encoding U ...
... no UTF-8 mapping file for font encoding U
   defining Unicode char U+00A9 (decimal 169)
   defining Unicode char U+00AA (decimal 170)
   defining Unicode char U+00AE (decimal 174)
   defining Unicode char U+00BA (decimal 186)
   defining Unicode char U+02C6 (decimal 710)
   defining Unicode char U+02DC (decimal 732)
   defining Unicode char U+200C (decimal 8204)
   defining Unicode char U+2026 (decimal 8230)
   defining Unicode char U+2122 (decimal 8482)
   defining Unicode char U+2423 (decimal 9251)
))
(/usr/share/texlive/texmf-dist/tex/latex/psnfss/charter.sty
Package: charter 2005/04/12 PSNFSS-v9.2a (P.Dyballa) 
)
(/usr/share/texlive/texmf-dist/tex/latex/graphics/graphicx.sty
Package: graphicx 1999/02/16 v1.0f Enhanced LaTeX Graphics (DPC,SPQR)

(/usr/share/texlive/texmf-dist/tex/latex/graphics/keyval.sty
Package: keyval 1999/03/16 v1.13 key=value parser (DPC)
\KV@toks@=\toks17
)
(/usr/share/texlive/texmf-dist/tex/latex/graphics/graphics.sty
Package: graphics 2009/02/05 v1.0o Standard LaTeX Graphics (DPC,SPQR)

(/usr/share/texlive/texmf-dist/tex/latex/graphics/trig.sty
Package: trig 1999/03/16 v1.09 sin cos tan (DPC)
)
(/usr/share/texlive/texmf-dist/tex/latex/latexconfig/graphics.cfg
File: graphics.cfg 2010/04/23 v1.9 graphics configuration of TeX Live
)
Package graphics Info: Driver file: pdftex.def on input line 91.

(/usr/share/texlive/texmf-dist/tex/latex/pdftex-def/pdftex.def
File: pdftex.def 2011/05/27 v0.06d Graphics/color for pdfTeX

(/usr/share/texlive/texmf-dist/tex/generic/oberdiek/infwarerr.sty
Package: infwarerr 2010/04/08 v1.3 Providing info/warning/error messages (HO)
)
(/usr/share/texlive/texmf-dist/tex/generic/oberdiek/ltxcmds.sty
Package: ltxcmds 2011/11/09 v1.22 LaTeX kernel commands for general use (HO)
)
\Gread@gobject=\count90
))
\Gin@req@height=\dimen104
\Gin@req@width=\dimen105
)
(/usr/share/texlive/texmf-dist/tex/latex/paralist/paralist.sty
Package: paralist 2013/06/09 v2.4 Extended list environments
\pltopsep=\skip43
\plpartopsep=\skip44
\plitemsep=\skip45
\plparsep=\skip46
\pl@lab=\toks18
)
(/usr/share/texlive/texmf-dist/tex/latex/booktabs/booktabs.sty
Package: booktabs 2005/04/14 v1.61803 publication quality tables
\heavyrulewidth=\dimen106
\lightrulewidth=\dimen107
\cmidrulewidth=\dimen108
\belowrulesep=\dimen109
\belowbottomsep=\dimen110
\aboverulesep=\dimen111
\abovetopsep=\dimen112
\cmidrulesep=\dimen113
\cmidrulekern=\dimen114
\defaultaddspace=\dimen115
\@cmidla=\count91
\@cmidlb=\count92
\@aboverulesep=\dimen116
\@belowrulesep=\dimen117
\@thisruleclass=\count93
\@lastruleclass=\count94
\@thisrulewidth=\dimen118
)
(./codesnippet.tex (/usr/share/texlive/texmf-dist/tex/latex/graphics/color.sty
Package: color 2005/11/14 v1.0j Standard LaTeX Color (DPC)

(/usr/share/texlive/texmf-dist/tex/latex/latexconfig/color.cfg
File: color.cfg 2007/01/18 v1.5 color configuration of teTeX/TeXLive
)
Package color Info: Driver file: pdftex.def on input line 130.
)
(/usr/share/texlive/texmf-dist/tex/latex/fancybox/fancybox.sty
Package: fancybox 2010/05/15 1.4

Style option: `fancybox' v1.4 <2010/05/15> (tvz)
\@fancybox=\box26
\shadowsize=\dimen119
\@Sbox=\box27
\do@VerbBox=\toks19
\the@fancyput=\toks20
\this@fancyput=\toks21
\EndVerbatimTokens=\toks22
\Verbatim@Outfile=\write3
\Verbatim@Infile=\read1
)) (./page.layout.tex
(/usr/share/texlive/texmf-dist/tex/latex/fancyhdr/fancyhdr.sty
\fancy@headwidth=\skip47
\f@ncyO@elh=\skip48
\f@ncyO@erh=\skip49
\f@ncyO@olh=\skip50
\f@ncyO@orh=\skip51
\f@ncyO@elf=\skip52
\f@ncyO@erf=\skip53
\f@ncyO@olf=\skip54
\f@ncyO@orf=\skip55
))
(/usr/share/texlive/texmf-dist/tex/latex/underscore/underscore.sty
Package: underscore 2006/09/13
LaTeX Info: Redefining \_ on input line 42.
)
(./caratula.sty
Package: caratula 2005/08/09 v0.3 Para componer caratulas de TPs del DC

Cargando package 'caratula' v0.3 (2005/08/09)
\intlist=\toks23
) (/usr/share/texlive/texmf-dist/tex/latex/url/url.sty
\Urlmuskip=\muskip10
Package: url 2013/09/16  ver 3.4  Verb mode for urls, etc.
) (./informe.aux
LaTeX Info: Redefining \. on input line 7.
LaTeX Info: Redefining \% on input line 7.
)
\openout1 = `informe.aux'.

LaTeX Font Info:    Checking defaults for OML/cmm/m/it on input line 45.
LaTeX Font Info:    ... okay on input line 45.
LaTeX Font Info:    Checking defaults for T1/cmr/m/n on input line 45.
LaTeX Font Info:    ... okay on input line 45.
LaTeX Font Info:    Checking defaults for OT1/cmr/m/n on input line 45.
LaTeX Font Info:    ... okay on input line 45.
LaTeX Font Info:    Checking defaults for OMS/cmsy/m/n on input line 45.
LaTeX Font Info:    ... okay on input line 45.
LaTeX Font Info:    Checking defaults for OMX/cmex/m/n on input line 45.
LaTeX Font Info:    ... okay on input line 45.
LaTeX Font Info:    Checking defaults for U/cmr/m/n on input line 45.
LaTeX Font Info:    ... okay on input line 45.
LaTeX Font Info:    Try loading font information for OT1+bch on input line 45.

(/usr/share/texlive/texmf-dist/tex/latex/psnfss/ot1bch.fd
File: ot1bch.fd 2004/10/18 font definitions for OT1/bch.
)
LaTeX Info: Redefining \. on input line 45.
LaTeX Info: Redefining \% on input line 45.

(/usr/share/texlive/texmf-dist/tex/context/base/supp-pdf.mkii
[Loading MPS to PDF converter (version 2006.09.02).]
\scratchcounter=\count95
\scratchdimen=\dimen120
\scratchbox=\box28
\nofMPsegments=\count96
\nofMParguments=\count97
\everyMPshowfont=\toks24
\MPscratchCnt=\count98
\MPscratchDim=\dimen121
\MPnumerator=\count99
\makeMPintoPDFobject=\count100
\everyMPtoPDFconversion=\toks25
) (/usr/share/texlive/texmf-dist/tex/generic/oberdiek/pdftexcmds.sty
Package: pdftexcmds 2011/11/29 v0.20 Utility functions of pdfTeX for LuaTeX (HO
)

(/usr/share/texlive/texmf-dist/tex/generic/oberdiek/ifluatex.sty
Package: ifluatex 2010/03/01 v1.3 Provides the ifluatex switch (HO)
Package ifluatex Info: LuaTeX not detected.
)
(/usr/share/texlive/texmf-dist/tex/generic/oberdiek/ifpdf.sty
Package: ifpdf 2011/01/30 v2.3 Provides the ifpdf switch (HO)
Package ifpdf Info: pdfTeX in PDF mode is detected.
)
Package pdftexcmds Info: LuaTeX not detected.
Package pdftexcmds Info: \pdf@primitive is available.
Package pdftexcmds Info: \pdf@ifprimitive is available.
Package pdftexcmds Info: \pdfdraftmode found.
)
(/usr/share/texlive/texmf-dist/tex/latex/oberdiek/epstopdf-base.sty
Package: epstopdf-base 2010/02/09 v2.5 Base part for package epstopdf

(/usr/share/texlive/texmf-dist/tex/latex/oberdiek/grfext.sty
Package: grfext 2010/08/19 v1.1 Manage graphics extensions (HO)

(/usr/share/texlive/texmf-dist/tex/generic/oberdiek/kvdefinekeys.sty
Package: kvdefinekeys 2011/04/07 v1.3 Define keys (HO)
))
(/usr/share/texlive/texmf-dist/tex/latex/oberdiek/kvoptions.sty
Package: kvoptions 2011/06/30 v3.11 Key value format for package options (HO)

(/usr/share/texlive/texmf-dist/tex/generic/oberdiek/kvsetkeys.sty
Package: kvsetkeys 2012/04/25 v1.16 Key value parser (HO)

(/usr/share/texlive/texmf-dist/tex/generic/oberdiek/etexcmds.sty
Package: etexcmds 2011/02/16 v1.5 Avoid name clashes with e-TeX commands (HO)
Package etexcmds Info: Could not find \expanded.
(etexcmds)             That can mean that you are not using pdfTeX 1.50 or
(etexcmds)             that some package has redefined \expanded.
(etexcmds)             In the latter case, load this package earlier.
)))
Package grfext Info: Graphics extension search list:
(grfext)             [.png,.pdf,.jpg,.mps,.jpeg,.jbig2,.jb2,.PNG,.PDF,.JPG,.JPE
G,.JBIG2,.JB2,.eps]
(grfext)             \AppendGraphicsExtensions on input line 452.

(/usr/share/texlive/texmf-dist/tex/latex/latexconfig/epstopdf-sys.cfg
File: epstopdf-sys.cfg 2010/07/13 v1.3 Configuration of (r)epstopdf for TeX Liv
e
))
<imagenes/logodc.jpg, id=1, 215.6055pt x 83.5923pt>
File: imagenes/logodc.jpg Graphic file (type jpg)
 <use imagenes/logodc.jpg>
Package pdftex.def Info: imagenes/logodc.jpg used on input line 57.
(pdftex.def)             Requested size: 215.60497pt x 83.59207pt.
LaTeX Font Info:    External font `cmex10' loaded for size
(Font)              <7> on input line 57.
LaTeX Font Info:    External font `cmex10' loaded for size
(Font)              <5> on input line 57.

<imagenes/logouba.jpg, id=2, 225.4824pt x 231.7458pt>
File: imagenes/logouba.jpg Graphic file (type jpg)

<use imagenes/logouba.jpg>
Package pdftex.def Info: imagenes/logouba.jpg used on input line 57.
(pdftex.def)             Requested size: 225.48184pt x 231.74522pt.


LaTeX Font Warning: Font shape `OT1/cmss/b/n' undefined
(Font)              using `OT1/cmss/m/n' instead on input line 57.


Underfull \hbox (badness 10000) in paragraph at lines 57--57

 []


Overfull \hbox (22.76358pt too wide) in paragraph at lines 57--57
[][][] 
 []

[1

{/var/lib/texmf/fonts/map/pdftex/updmap/pdftex.map} <./imagenes/logodc.jpg> <./
imagenes/logouba.jpg>] (./informe.toc
LaTeX Info: Redefining \. on input line 1.
LaTeX Info: Redefining \% on input line 1.
)
\tf@toc=\write4
\openout4 = `informe.toc'.

 [2]
Underfull \hbox (badness 10000) in paragraph at lines 79--85

 []


Underfull \hbox (badness 10000) in paragraph at lines 79--85

 []

LaTeX Info: Redefining \. on input line 99.
LaTeX Info: Redefining \% on input line 99.
[3]
Underfull \hbox (badness 10000) in paragraph at lines 112--113

 []


Underfull \hbox (badness 10000) in paragraph at lines 114--115

 []


Underfull \hbox (badness 10000) in paragraph at lines 116--117

 []


Underfull \hbox (badness 10000) in paragraph at lines 126--128

 []


Underfull \hbox (badness 10000) in paragraph at lines 128--130

 []


Underfull \hbox (badness 10000) in paragraph at lines 128--130

 []


Underfull \hbox (badness 10000) in paragraph at lines 130--132

 []


Underfull \hbox (badness 10000) in paragraph at lines 132--135

 []


Underfull \hbox (badness 10000) in paragraph at lines 132--135

 []

LaTeX Font Info:    Try loading font information for OMS+bch on input line 135.

(/usr/share/texlive/texmf-dist/tex/latex/psnfss/omsbch.fd
File: omsbch.fd 
)
LaTeX Font Info:    Font shape `OMS/bch/m/n' in size <10> not available
(Font)              Font shape `OMS/cmsy/m/n' tried instead on input line 135.

Underfull \hbox (badness 10000) in paragraph at lines 135--136

 []

LaTeX Info: Redefining \. on input line 136.
LaTeX Info: Redefining \% on input line 136.
[4]
Underfull \hbox (badness 10000) in paragraph at lines 136--137

 []


Underfull \hbox (badness 10000) in paragraph at lines 141--143

 []


Underfull \hbox (badness 10000) in paragraph at lines 143--145

 []


Underfull \hbox (badness 10000) in paragraph at lines 183--184

 []


Underfull \hbox (badness 10000) in paragraph at lines 184--185

 []


Underfull \hbox (badness 10000) in paragraph at lines 185--186

 []


Underfull \hbox (badness 10000) in paragraph at lines 186--187

 []

LaTeX Info: Redefining \. on input line 187.
LaTeX Info: Redefining \% on input line 187.
[5]
Underfull \hbox (badness 10000) in paragraph at lines 187--188

 []

LaTeX Info: Redefining \. on input line 193.
LaTeX Info: Redefining \% on input line 193.
[6]
Underfull \hbox (badness 10000) in paragraph at lines 201--202

 []


Underfull \hbox (badness 10000) in paragraph at lines 203--206

 []


Underfull \hbox (badness 10000) in paragraph at lines 203--206

 []


Underfull \hbox (badness 10000) in paragraph at lines 203--206

 []


Underfull \hbox (badness 10000) in paragraph at lines 203--206

 []


Underfull \hbox (badness 10000) in paragraph at lines 203--206

 []


Underfull \hbox (badness 10000) in paragraph at lines 203--206

 []


Underfull \hbox (badness 10000) in paragraph at lines 207--208

 []


Underfull \hbox (badness 10000) in paragraph at lines 209--211

 []


Underfull \hbox (badness 10000) in paragraph at lines 209--211

 []


Underfull \hbox (badness 10000) in paragraph at lines 209--211

 []

LaTeX Info: Redefining \. on input line 228.
LaTeX Info: Redefining \% on input line 228.
[7]
Underfull \hbox (badness 10000) in paragraph at lines 230--232

 []


Underfull \hbox (badness 10000) in paragraph at lines 230--232

 []


Underfull \hbox (badness 10000) in paragraph at lines 230--232

 []


Underfull \hbox (badness 10000) in paragraph at lines 233--235

 []


Underfull \hbox (badness 10000) in paragraph at lines 233--235

 []


Underfull \hbox (badness 10000) in paragraph at lines 236--237

 []


Underfull \hbox (badness 10000) in paragraph at lines 236--237

 []


Underfull \hbox (badness 10000) in paragraph at lines 238--242

 []

<imagenes/esperanzas.png, id=35, 586.8324pt x 442.2924pt>
File: imagenes/esperanzas.png Graphic file (type png)

<use imagenes/esperanzas.png>
Package pdftex.def Info: imagenes/esperanzas.png used on input line 244.
(pdftex.def)             Requested size: 300.0pt x 226.1128pt.

<imagenes/varianzas.png, id=37, 586.8324pt x 442.2924pt>
File: imagenes/varianzas.png Graphic file (type png)

<use imagenes/varianzas.png>
Package pdftex.def Info: imagenes/varianzas.png used on input line 246.
(pdftex.def)             Requested size: 300.0pt x 226.1128pt.
LaTeX Info: Redefining \. on input line 248.
LaTeX Info: Redefining \% on input line 248.
 [8 <./imagenes/esperanzas.png>]
Underfull \hbox (badness 10000) in paragraph at lines 248--249

 []


Underfull \hbox (badness 10000) in paragraph at lines 255--256

 []


Underfull \hbox (badness 10000) in paragraph at lines 256--257

 []


Underfull \hbox (badness 10000) in paragraph at lines 257--258

 []


Underfull \hbox (badness 10000) in paragraph at lines 258--259

 []


Underfull \hbox (badness 10000) in paragraph at lines 259--260

 []

<imagenes/CompCasm1.png, id=42, 586.8324pt x 442.2924pt>
File: imagenes/CompCasm1.png Graphic file (type png)

<use imagenes/CompCasm1.png>
Package pdftex.def Info: imagenes/CompCasm1.png used on input line 265.
(pdftex.def)             Requested size: 300.0pt x 226.1128pt.
LaTeX Info: Redefining \. on input line 267.
LaTeX Info: Redefining \% on input line 267.
 [9 <./imagenes/varianzas.png>]
Underfull \hbox (badness 10000) in paragraph at lines 267--268

 []


Underfull \hbox (badness 10000) in paragraph at lines 267--268

 []


Underfull \hbox (badness 10000) in paragraph at lines 267--268

 []


Underfull \hbox (badness 10000) in paragraph at lines 267--268

 []


Underfull \hbox (badness 10000) in paragraph at lines 269--273

 []


Underfull \hbox (badness 10000) in paragraph at lines 269--273

 []

<imagenes/bvmcrop.png, id=47, 586.8324pt x 442.2924pt>
File: imagenes/bvmcrop.png Graphic file (type png)

<use imagenes/bvmcrop.png>
Package pdftex.def Info: imagenes/bvmcrop.png used on input line 274.
(pdftex.def)             Requested size: 300.0pt x 226.1128pt.
LaTeX Info: Redefining \. on input line 276.
LaTeX Info: Redefining \% on input line 276.
 [10 <./imagenes/CompCasm1.png>]
Underfull \hbox (badness 10000) in paragraph at lines 276--279

 []


Underfull \hbox (badness 10000) in paragraph at lines 276--279

 []


Underfull \hbox (badness 10000) in paragraph at lines 276--279

 []


Underfull \hbox (badness 10000) in paragraph at lines 276--279

 []


Underfull \hbox (badness 10000) in paragraph at lines 286--287

 []

LaTeX Info: Redefining \. on input line 289.
LaTeX Info: Redefining \% on input line 289.
[11 <./imagenes/bvmcrop.png>]
Underfull \hbox (badness 10000) in paragraph at lines 293--294

 []


Underfull \hbox (badness 10000) in paragraph at lines 294--295

 []


Underfull \hbox (badness 10000) in paragraph at lines 295--296

 []


Underfull \hbox (badness 10000) in paragraph at lines 296--297

 []


Underfull \hbox (badness 10000) in paragraph at lines 297--298

 []


Underfull \hbox (badness 10000) in paragraph at lines 297--298

 []


Underfull \hbox (badness 10000) in paragraph at lines 297--298

 []

<imagenes/CompCasm2.png, id=56, 586.8324pt x 442.2924pt>
File: imagenes/CompCasm2.png Graphic file (type png)

<use imagenes/CompCasm2.png>
Package pdftex.def Info: imagenes/CompCasm2.png used on input line 301.
(pdftex.def)             Requested size: 350.0pt x 263.79826pt.

Underfull \hbox (badness 10000) in paragraph at lines 303--304

 []


Underfull \hbox (badness 10000) in paragraph at lines 303--304

 []


Underfull \hbox (badness 10000) in paragraph at lines 303--304

 []


Underfull \hbox (badness 10000) in paragraph at lines 303--304

 []


Underfull \hbox (badness 10000) in paragraph at lines 305--312

 []


Underfull \hbox (badness 10000) in paragraph at lines 305--312

 []

LaTeX Info: Redefining \. on input line 312.
LaTeX Info: Redefining \% on input line 312.
[12 <./imagenes/CompCasm2.png>]
<imagenes/bvmsierp.png, id=61, 586.8324pt x 442.2924pt>
File: imagenes/bvmsierp.png Graphic file (type png)

<use imagenes/bvmsierp.png>
Package pdftex.def Info: imagenes/bvmsierp.png used on input line 313.
(pdftex.def)             Requested size: 300.0pt x 226.1128pt.
LaTeX Info: Redefining \. on input line 319.
LaTeX Info: Redefining \% on input line 319.
 [13 <./imagenes/bvmsierp.png>]
<imagenes/cmpIFS.png, id=67, 586.8324pt x 442.2924pt>
File: imagenes/cmpIFS.png Graphic file (type png)

<use imagenes/cmpIFS.png>
Package pdftex.def Info: imagenes/cmpIFS.png used on input line 321.
(pdftex.def)             Requested size: 350.0pt x 263.79826pt.
LaTeX Info: Redefining \. on input line 323.
LaTeX Info: Redefining \% on input line 323.
 [14 <./imagenes/cmpIFS.png>]
Underfull \hbox (badness 10000) in paragraph at lines 325--326

 []


Underfull \hbox (badness 10000) in paragraph at lines 325--326

 []


Underfull \hbox (badness 10000) in paragraph at lines 331--332

 []


Underfull \hbox (badness 10000) in paragraph at lines 332--333

 []


Underfull \hbox (badness 10000) in paragraph at lines 333--334

 []


Underfull \hbox (badness 10000) in paragraph at lines 334--335

 []


Underfull \hbox (badness 10000) in paragraph at lines 335--336

 []


Underfull \hbox (badness 10000) in paragraph at lines 335--336

 []


Underfull \hbox (badness 10000) in paragraph at lines 335--336

 []

<imagenes/CompCasm3.png, id=72, 586.8324pt x 442.2924pt>
File: imagenes/CompCasm3.png Graphic file (type png)

<use imagenes/CompCasm3.png>
Package pdftex.def Info: imagenes/CompCasm3.png used on input line 339.
(pdftex.def)             Requested size: 350.0pt x 263.79826pt.
LaTeX Info: Redefining \. on input line 343.
LaTeX Info: Redefining \% on input line 343.
 [15 <./imagenes/CompCasm3.png>]
Underfull \hbox (badness 10000) in paragraph at lines 347--348

 []


Underfull \hbox (badness 10000) in paragraph at lines 347--348

 []


Underfull \hbox (badness 10000) in paragraph at lines 354--355

 []


Underfull \hbox (badness 10000) in paragraph at lines 355--356

 []


Underfull \hbox (badness 10000) in paragraph at lines 356--357

 []


Underfull \hbox (badness 10000) in paragraph at lines 357--358

 []


Underfull \hbox (badness 10000) in paragraph at lines 357--358

 []


Underfull \hbox (badness 10000) in paragraph at lines 357--358

 []


Underfull \hbox (badness 10000) in paragraph at lines 357--358

 []

<imagenes/CompCasm4.png, id=77, 586.8324pt x 442.2924pt>
File: imagenes/CompCasm4.png Graphic file (type png)

<use imagenes/CompCasm4.png>
Package pdftex.def Info: imagenes/CompCasm4.png used on input line 361.
(pdftex.def)             Requested size: 350.0pt x 263.79826pt.
LaTeX Info: Redefining \. on input line 365.
LaTeX Info: Redefining \% on input line 365.
 [16 <./imagenes/CompCasm4.png>]
Underfull \hbox (badness 10000) in paragraph at lines 371--377

 []


Underfull \hbox (badness 10000) in paragraph at lines 378--381

 []

LaTeX Info: Redefining \. on input line 389.
LaTeX Info: Redefining \% on input line 389.
[17] (./informe.aux
LaTeX Info: Redefining \. on input line 7.
LaTeX Info: Redefining \% on input line 7.
)

LaTeX Font Warning: Some font shapes were not available, defaults substituted.

 ) 
Here is how much of TeX's memory you used:
 3199 strings out of 494925
 42792 string characters out of 6178544
 118023 words of memory out of 5000000
 6338 multiletter control sequences out of 15000+600000
 23124 words of font info for 37 fonts, out of 8000000 for 9000
 62 hyphenation exceptions out of 8191
 38i,13n,43p,1652b,490s stack positions out of 5000i,500n,10000p,200000b,80000s
{/usr/share/texlive/texmf-dist/fonts/enc/dvips/base/8r.enc}</usr/share/texliv
e/texmf-dist/fonts/type1/bitstrea/charter/bchb8a.pfb></usr/share/texlive/texmf-
dist/fonts/type1/bitstrea/charter/bchr8a.pfb></usr/share/texlive/texmf-dist/fon
ts/type1/bitstrea/charter/bchri8a.pfb></usr/share/texlive/texmf-dist/fonts/type
1/public/amsfonts/cm/cmmi10.pfb></usr/share/texlive/texmf-dist/fonts/type1/publ
ic/amsfonts/cm/cmr7.pfb></usr/share/texlive/texmf-dist/fonts/type1/public/amsfo
nts/cm/cmss10.pfb></usr/share/texlive/texmf-dist/fonts/type1/public/amsfonts/cm
/cmsy10.pfb></usr/share/texlive/texmf-dist/fonts/type1/public/amsfonts/cm/cmtt1
0.pfb>
Output written on informe.pdf (17 pages, 691315 bytes).
PDF statistics:
 113 PDF objects out of 1000 (max. 8388607)
 65 compressed objects within 1 object stream
 0 named destinations out of 1000 (max. 500000)
 56 words of extra memory for PDF output out of 10000 (max. 10000000)

